"../../../Engine/Content/Functions/Engine_MaterialFunctions01/Opacity/CameraDepthFade.uasset" 0
"../../../Engine/Content/Functions/Engine_MaterialFunctions01/Opacity/CameraDepthFade.uexp" 1
"../../../Engine/Content/EngineMaterials/T_Default_Material_Grid_N.uasset" 2
"../../../Engine/Content/EngineMaterials/T_Default_Material_Grid_N.uexp" 3
"../../../Engine/Content/EngineMaterials/T_Default_Material_Grid_N.ubulk" 4
"../../../Engine/Content/EngineMaterials/T_Default_Material_Grid_M.uasset" 5
"../../../Engine/Content/EngineMaterials/T_Default_Material_Grid_M.uexp" 6
"../../../Engine/Content/EngineMaterials/T_Default_Material_Grid_M.ubulk" 7
"../../../Engine/Content/EngineMaterials/WorldGridMaterial.uasset" 8
"../../../Engine/Content/EngineMaterials/WorldGridMaterial.uexp" 9
"../../../Engine/Content/BasicShapes/Cube.uasset" 10
"../../../Engine/Content/BasicShapes/Cube.uexp" 11
"../../../Engine/Content/BasicShapes/BasicShapeMaterial.uasset" 12
"../../../Engine/Content/BasicShapes/BasicShapeMaterial.uexp" 13
"/home/ana/Documentos/Ana/Universidad/Cuarto/RV/Proyecto/RV/Content/BP_Box.uasset" 14
"/home/ana/Documentos/Ana/Universidad/Cuarto/RV/Proyecto/RV/Content/BP_Box.uexp" 15
"/home/ana/Documentos/Ana/Universidad/Cuarto/RV/Proyecto/RV/Content/AC_Box.uasset" 16
"/home/ana/Documentos/Ana/Universidad/Cuarto/RV/Proyecto/RV/Content/AC_Box.uexp" 17
"../../../Engine/Content/EngineSky/VolumetricClouds/T_NoiseShape64.uasset" 18
"../../../Engine/Content/EngineSky/VolumetricClouds/T_NoiseShape64.uexp" 19
"../../../Engine/Content/EngineSky/VolumetricClouds/T_NoiseShape64.ubulk" 20
"../../../Engine/Content/EngineSky/VolumetricClouds/T_VolumeNoiseShape64.uasset" 21
"../../../Engine/Content/EngineSky/VolumetricClouds/T_VolumeNoiseShape64.uexp" 22
"../../../Engine/Content/EngineSky/VolumetricClouds/T_NoiseErosion.uasset" 23
"../../../Engine/Content/EngineSky/VolumetricClouds/T_NoiseErosion.uexp" 24
"../../../Engine/Content/EngineSky/VolumetricClouds/T_NoiseErosion.ubulk" 25
"../../../Engine/Content/EngineSky/VolumetricClouds/T_VolumeNoiseErosion32.uasset" 26
"../../../Engine/Content/EngineSky/VolumetricClouds/T_VolumeNoiseErosion32.uexp" 27
"../../../Engine/Content/EngineSky/VolumetricClouds/CloudGradientTexture.uasset" 28
"../../../Engine/Content/EngineSky/VolumetricClouds/CloudGradientTexture.uexp" 29
"../../../Engine/Content/EngineSky/VolumetricClouds/CloudWeatherTexture.uasset" 30
"../../../Engine/Content/EngineSky/VolumetricClouds/CloudWeatherTexture.uexp" 31
"../../../Engine/Content/Functions/Engine_MaterialFunctions02/Utility/MakeFloat2.uasset" 32
"../../../Engine/Content/Functions/Engine_MaterialFunctions02/Utility/MakeFloat2.uexp" 33
"../../../Engine/Content/EngineSky/VolumetricClouds/m_SimpleVolumetricCloud.uasset" 34
"../../../Engine/Content/EngineSky/VolumetricClouds/m_SimpleVolumetricCloud.uexp" 35
"../../../Engine/Content/EngineSky/VolumetricClouds/m_SimpleVolumetricCloud_Inst.uasset" 36
"../../../Engine/Content/EngineSky/VolumetricClouds/m_SimpleVolumetricCloud_Inst.uexp" 37
"../../../Engine/Content/MobileResources/T_MobileControls_texture.uasset" 38
"../../../Engine/Content/MobileResources/T_MobileControls_texture.uexp" 39
"../../../Engine/Content/MobileResources/T_MobileMenu2.uasset" 40
"../../../Engine/Content/MobileResources/T_MobileMenu2.uexp" 41
"../../../Engine/Content/MobileResources/HUD/MobileHUDDirectionPad3.uasset" 42
"../../../Engine/Content/MobileResources/HUD/MobileHUDDirectionPad3.uexp" 43
"../../../Engine/Content/MobileResources/HUD/MobileHUDButton2_off.uasset" 44
"../../../Engine/Content/MobileResources/HUD/MobileHUDButton2_off.uexp" 45
"../../../Engine/Content/MobileResources/HUD/MobileHUDButton1_on.uasset" 46
"../../../Engine/Content/MobileResources/HUD/MobileHUDButton1_on.uexp" 47
"../../../Engine/Content/MobileResources/HUD/AnalogHat.uasset" 48
"../../../Engine/Content/MobileResources/HUD/AnalogHat.uexp" 49
"../../../Engine/Content/MobileResources/HUD/MobileHUDButton3.uasset" 50
"../../../Engine/Content/MobileResources/HUD/MobileHUDButton3.uexp" 51
"../../../Engine/Content/MobileResources/HUD/T_Castle_ThumbstickOutter.uasset" 52
"../../../Engine/Content/MobileResources/HUD/T_Castle_ThumbstickOutter.uexp" 53
"../../../Engine/Content/MobileResources/HUD/VirtualJoystick_Thumb.uasset" 54
"../../../Engine/Content/MobileResources/HUD/VirtualJoystick_Thumb.uexp" 55
"../../../Engine/Content/MobileResources/HUD/VirtualJoystick_Background.uasset" 56
"../../../Engine/Content/MobileResources/HUD/VirtualJoystick_Background.uexp" 57
"../../../Engine/Content/MobileResources/HUD/LeftVirtualJoystickOnly.uasset" 58
"../../../Engine/Content/MobileResources/HUD/LeftVirtualJoystickOnly.uexp" 59
"../../../Engine/Content/MobileResources/HUD/MobileHUDDirectionPad.uasset" 60
"../../../Engine/Content/MobileResources/HUD/MobileHUDDirectionPad.uexp" 61
"../../../Engine/Content/MobileResources/HUD/MobileHUDButton1_off.uasset" 62
"../../../Engine/Content/MobileResources/HUD/MobileHUDButton1_off.uexp" 63
"../../../Engine/Content/MobileResources/HUD/MobileHUDDirectionStick.uasset" 64
"../../../Engine/Content/MobileResources/HUD/MobileHUDDirectionStick.uexp" 65
"../../../Engine/Content/MobileResources/HUD/DefaultVirtualJoysticks.uasset" 66
"../../../Engine/Content/MobileResources/HUD/DefaultVirtualJoysticks.uexp" 67
"../../../Engine/Content/MobileResources/HUD/MobileHUDButtonFire.uasset" 68
"../../../Engine/Content/MobileResources/HUD/MobileHUDButtonFire.uexp" 69
"../../../Engine/Content/MobileResources/HUD/MobileHUDDirectionPad2.uasset" 70
"../../../Engine/Content/MobileResources/HUD/MobileHUDDirectionPad2.uexp" 71
"../../../Engine/Content/MobileResources/HUD/T_Castle_ThumbstickInner.uasset" 72
"../../../Engine/Content/MobileResources/HUD/T_Castle_ThumbstickInner.uexp" 73
"../../../Engine/Content/MobileResources/HUD/MobileHUDButton2_on.uasset" 74
"../../../Engine/Content/MobileResources/HUD/MobileHUDButton2_on.uexp" 75
"../../../Engine/Content/EngineResources/DefaultTextureCube.uasset" 76
"../../../Engine/Content/EngineResources/DefaultTextureCube.uexp" 77
"../../../Engine/Content/EngineResources/GradientTexture0.uasset" 78
"../../../Engine/Content/EngineResources/GradientTexture0.uexp" 79
"../../../Engine/Content/EngineResources/DefaultTexture.uasset" 80
"../../../Engine/Content/EngineResources/DefaultTexture.uexp" 81
"../../../Engine/Content/EngineResources/DefaultTexture.ubulk" 82
"../../../Engine/Content/EngineResources/Black.uasset" 83
"../../../Engine/Content/EngineResources/Black.uexp" 84
"../../../Engine/Content/EngineResources/DefaultVolumeTexture2D.uasset" 85
"../../../Engine/Content/EngineResources/DefaultVolumeTexture2D.uexp" 86
"../../../Engine/Content/EngineResources/DefaultVolumeTexture.uasset" 87
"../../../Engine/Content/EngineResources/DefaultVolumeTexture.uexp" 88
"../../../Engine/Content/EngineDebugMaterials/M_SimpleUnlitTranslucent.uasset" 89
"../../../Engine/Content/EngineDebugMaterials/M_SimpleUnlitTranslucent.uexp" 90
"../../../Engine/Content/EngineDebugMaterials/DebugEditorMaterial.uasset" 91
"../../../Engine/Content/EngineDebugMaterials/DebugEditorMaterial.uexp" 92
"../../../Engine/Content/EngineDebugMaterials/VolumeToRender.uasset" 93
"../../../Engine/Content/EngineDebugMaterials/VolumeToRender.uexp" 94
"../../../Engine/Content/Functions/Engine_MaterialFunctions02/Utility/CameraDirectionVector.uasset" 95
"../../../Engine/Content/Functions/Engine_MaterialFunctions02/Utility/CameraDirectionVector.uexp" 96
"../../../Engine/Content/EngineDebugMaterials/M_VolumeRenderSphereTracePP.uasset" 97
"../../../Engine/Content/EngineDebugMaterials/M_VolumeRenderSphereTracePP.uexp" 98
"../../../Engine/Content/EngineDebugMaterials/DebugMeshMaterial.uasset" 99
"../../../Engine/Content/EngineDebugMaterials/DebugMeshMaterial.uexp" 100
"../../../Engine/Content/EngineSounds/Master.uasset" 101
"../../../Engine/Content/EngineSounds/Master.uexp" 102
"../../../Engine/Content/Functions/Engine_MaterialFunctions01/Shading/ConvertFromDiffSpec.uasset" 103
"../../../Engine/Content/Functions/Engine_MaterialFunctions01/Shading/ConvertFromDiffSpec.uexp" 104
"../../../Engine/Content/Functions/Engine_MaterialFunctions01/Shading/PowerToRoughness.uasset" 105
"../../../Engine/Content/Functions/Engine_MaterialFunctions01/Shading/PowerToRoughness.uexp" 106
"../../../Engine/Content/EngineMeshes/Sphere.uasset" 107
"../../../Engine/Content/EngineMeshes/Sphere.uexp" 108
"../../../Engine/Content/EngineMaterials/DefaultMaterial.uasset" 109
"../../../Engine/Content/EngineMaterials/DefaultMaterial.uexp" 110
"../../../Engine/Content/EngineMeshes/Cylinder.uasset" 111
"../../../Engine/Content/EngineMeshes/Cylinder.uexp" 112
"../../../Engine/Content/EngineFonts/Faces/DroidSansFallback.uasset" 113
"../../../Engine/Content/EngineFonts/Faces/DroidSansFallback.uexp" 114
"../../../Engine/Content/EngineFonts/Faces/DroidSansFallback.ufont" 115
"../../../Engine/Content/EngineFonts/Faces/RobotoRegular.uasset" 116
"../../../Engine/Content/EngineFonts/Faces/RobotoRegular.uexp" 117
"../../../Engine/Content/EngineFonts/Faces/RobotoRegular.ufont" 118
"../../../Engine/Content/EngineFonts/Faces/RobotoLight.uasset" 119
"../../../Engine/Content/EngineFonts/Faces/RobotoLight.uexp" 120
"../../../Engine/Content/EngineFonts/Faces/RobotoLight.ufont" 121
"../../../Engine/Content/EngineFonts/Faces/RobotoItalic.uasset" 122
"../../../Engine/Content/EngineFonts/Faces/RobotoItalic.uexp" 123
"../../../Engine/Content/EngineFonts/Faces/RobotoItalic.ufont" 124
"../../../Engine/Content/EngineFonts/Faces/RobotoBoldItalic.uasset" 125
"../../../Engine/Content/EngineFonts/Faces/RobotoBoldItalic.uexp" 126
"../../../Engine/Content/EngineFonts/Faces/RobotoBoldItalic.ufont" 127
"../../../Engine/Content/EngineFonts/Faces/RobotoBold.uasset" 128
"../../../Engine/Content/EngineFonts/Faces/RobotoBold.uexp" 129
"../../../Engine/Content/EngineFonts/Faces/RobotoBold.ufont" 130
"../../../Engine/Content/EngineFonts/Roboto.uasset" 131
"../../../Engine/Content/EngineFonts/Roboto.uexp" 132
"../../../Engine/Content/ArtTools/RenderToTexture/Meshes/S_1_Unit_Plane.uasset" 133
"../../../Engine/Content/ArtTools/RenderToTexture/Meshes/S_1_Unit_Plane.uexp" 134
"../../../Engine/Content/EngineMaterials/DefaultWhiteGrid.uasset" 135
"../../../Engine/Content/EngineMaterials/DefaultWhiteGrid.uexp" 136
"../../../Engine/Content/EngineMaterials/DefaultWhiteGrid.ubulk" 137
"../../../Engine/Content/EngineFonts/RobotoDistanceField.uasset" 138
"../../../Engine/Content/EngineFonts/RobotoDistanceField.uexp" 139
"../../../Engine/Content/EngineMaterials/DefaultTextMaterialOpaque.uasset" 140
"../../../Engine/Content/EngineMaterials/DefaultTextMaterialOpaque.uexp" 141
"../../../Engine/Content/EngineMaterials/PreintegratedSkinBRDF.uasset" 142
"../../../Engine/Content/EngineMaterials/PreintegratedSkinBRDF.uexp" 143
"../../../Engine/Content/EngineMaterials/DefaultLightFunctionMaterial.uasset" 144
"../../../Engine/Content/EngineMaterials/DefaultLightFunctionMaterial.uexp" 145
"../../../Engine/Content/Functions/Engine_MaterialFunctions02/WorldPositionOffset/CameraOffset.uasset" 146
"../../../Engine/Content/Functions/Engine_MaterialFunctions02/WorldPositionOffset/CameraOffset.uexp" 147
"../../../Engine/Content/EngineMaterials/PhAT_JointLimitMaterial.uasset" 148
"../../../Engine/Content/EngineMaterials/PhAT_JointLimitMaterial.uexp" 149
"../../../Engine/Content/EngineMaterials/InvalidLightmapSettings.uasset" 150
"../../../Engine/Content/EngineMaterials/InvalidLightmapSettings.uexp" 151
"../../../Engine/Content/EngineMaterials/InvalidLightmapSettings.ubulk" 152
"../../../Engine/Content/EngineMaterials/M_InvalidLightmapSettings.uasset" 153
"../../../Engine/Content/EngineMaterials/M_InvalidLightmapSettings.uexp" 154
"../../../Engine/Content/EngineMaterials/DefaultBokeh.uasset" 155
"../../../Engine/Content/EngineMaterials/DefaultBokeh.uexp" 156
"../../../Engine/Content/EngineMaterials/BlueNoise.uasset" 157
"../../../Engine/Content/EngineMaterials/BlueNoise.uexp" 158
"../../../Engine/Content/EngineResources/WhiteSquareTexture.uasset" 159
"../../../Engine/Content/EngineResources/WhiteSquareTexture.uexp" 160
"../../../Engine/Content/EngineMaterials/Widget3DPassThrough.uasset" 161
"../../../Engine/Content/EngineMaterials/Widget3DPassThrough.uexp" 162
"../../../Engine/Content/EngineMaterials/Widget3DPassThrough_Opaque.uasset" 163
"../../../Engine/Content/EngineMaterials/Widget3DPassThrough_Opaque.uexp" 164
"../../../Engine/Content/EngineMaterials/Widget3DPassThrough_Masked_OneSided.uasset" 165
"../../../Engine/Content/EngineMaterials/Widget3DPassThrough_Masked_OneSided.uexp" 166
"../../../Engine/Content/EngineMaterials/WeightMapPlaceholderTexture.uasset" 167
"../../../Engine/Content/EngineMaterials/WeightMapPlaceholderTexture.uexp" 168
"../../../Engine/Content/EngineMaterials/Widget3DPassThrough_Masked.uasset" 169
"../../../Engine/Content/EngineMaterials/Widget3DPassThrough_Masked.uexp" 170
"../../../Engine/Content/EngineMaterials/Good64x64TilingNoiseHighFreq.uasset" 171
"../../../Engine/Content/EngineMaterials/Good64x64TilingNoiseHighFreq.uexp" 172
"../../../Engine/Content/EngineMaterials/DefaultWhiteGrid_Low.uasset" 173
"../../../Engine/Content/EngineMaterials/DefaultWhiteGrid_Low.uexp" 174
"../../../Engine/Content/EngineMaterials/EmissiveMeshMaterial.uasset" 175
"../../../Engine/Content/EngineMaterials/EmissiveMeshMaterial.uexp" 176
"../../../Engine/Content/EngineMaterials/DefaultPhysicalMaterial.uasset" 177
"../../../Engine/Content/EngineMaterials/DefaultPhysicalMaterial.uexp" 178
"../../../Engine/Content/EngineMaterials/RemoveSurfaceMaterial.uasset" 179
"../../../Engine/Content/EngineMaterials/RemoveSurfaceMaterial.uexp" 180
"../../../Engine/Content/EngineMaterials/DefaultDiffuse.uasset" 181
"../../../Engine/Content/EngineMaterials/DefaultDiffuse.uexp" 182
"../../../Engine/Content/EngineMaterials/DefaultDiffuse.ubulk" 183
"../../../Engine/Content/Functions/Engine_MaterialFunctions02/Utility/BreakOutFloat2Components.uasset" 184
"../../../Engine/Content/Functions/Engine_MaterialFunctions02/Utility/BreakOutFloat2Components.uexp" 185
"../../../Engine/Content/EngineMaterials/DefaultPostProcessMaterial.uasset" 186
"../../../Engine/Content/EngineMaterials/DefaultPostProcessMaterial.uexp" 187
"../../../Engine/Content/EngineMaterials/DefaultBloomKernel.uasset" 188
"../../../Engine/Content/EngineMaterials/DefaultBloomKernel.uexp" 189
"../../../Engine/Content/EngineMaterials/BaseFlattenNormalMap.uasset" 190
"../../../Engine/Content/EngineMaterials/BaseFlattenNormalMap.uexp" 191
"../../../Engine/Content/EngineMaterials/BaseFlattenGrayscaleMap.uasset" 192
"../../../Engine/Content/EngineMaterials/BaseFlattenGrayscaleMap.uexp" 193
"../../../Engine/Content/EngineMaterials/BaseFlattenDiffuseMap.uasset" 194
"../../../Engine/Content/EngineMaterials/BaseFlattenDiffuseMap.uexp" 195
"../../../Engine/Content/EngineMaterials/BaseFlattenEmissiveMap.uasset" 196
"../../../Engine/Content/EngineMaterials/BaseFlattenEmissiveMap.uexp" 197
"../../../Engine/Content/EngineMaterials/BaseFlattenMaterial.uasset" 198
"../../../Engine/Content/EngineMaterials/BaseFlattenMaterial.uexp" 199
"../../../Engine/Content/EngineMaterials/DefaultDeferredDecalMaterial.uasset" 200
"../../../Engine/Content/EngineMaterials/DefaultDeferredDecalMaterial.uexp" 201
"../../../Engine/Content/EngineMaterials/Widget3DPassThrough_Opaque_OneSided.uasset" 202
"../../../Engine/Content/EngineMaterials/Widget3DPassThrough_Opaque_OneSided.uexp" 203
"../../../Engine/Content/EngineMaterials/MiniFont.uasset" 204
"../../../Engine/Content/EngineMaterials/MiniFont.uexp" 205
"../../../Engine/Content/EngineMaterials/GizmoMaterial.uasset" 206
"../../../Engine/Content/EngineMaterials/GizmoMaterial.uexp" 207
"../../../Engine/Content/EngineMaterials/DefaultCalibrationGrayscale.uasset" 208
"../../../Engine/Content/EngineMaterials/DefaultCalibrationGrayscale.uexp" 209
"../../../Engine/Content/EngineMaterials/PPM_DefaultCalibrationGrayscale.uasset" 210
"../../../Engine/Content/EngineMaterials/PPM_DefaultCalibrationGrayscale.uexp" 211
"../../../Engine/Content/EngineMaterials/DefaultCalibrationColor.uasset" 212
"../../../Engine/Content/EngineMaterials/DefaultCalibrationColor.uexp" 213
"../../../Engine/Content/EngineMaterials/PPM_DefaultCalibrationColor.uasset" 214
"../../../Engine/Content/EngineMaterials/PPM_DefaultCalibrationColor.uexp" 215
"../../../Engine/Content/EngineMaterials/Widget3DPassThrough_Translucent.uasset" 216
"../../../Engine/Content/EngineMaterials/Widget3DPassThrough_Translucent.uexp" 217
"../../../Engine/Content/EngineMaterials/Widget3DPassThrough_Translucent_OneSided.uasset" 218
"../../../Engine/Content/EngineMaterials/Widget3DPassThrough_Translucent_OneSided.uexp" 219
"../../../Engine/Content/BasicShapes/Sphere.uasset" 220
"../../../Engine/Content/BasicShapes/Sphere.uexp" 221
"../../../Engine/Content/BasicShapes/Cone.uasset" 222
"../../../Engine/Content/BasicShapes/Cone.uexp" 223
"../../../Engine/Content/BasicShapes/Plane.uasset" 224
"../../../Engine/Content/BasicShapes/Plane.uexp" 225
"../../../Engine/Content/Tutorial/ContentIntroCurve.uasset" 226
"../../../Engine/Content/Tutorial/ContentIntroCurve.uexp" 227
"../../../Engine/Content/Tutorial/Basics/TutorialAssets/icon_tab_Levels_40x.uasset" 228
"../../../Engine/Content/Tutorial/Basics/TutorialAssets/icon_tab_Levels_40x.uexp" 229
"../../../Engine/Content/EngineDamageTypes/DmgTypeBP_Environmental.uasset" 230
"../../../Engine/Content/EngineDamageTypes/DmgTypeBP_Environmental.uexp" 231
"../../../Engine/Content/Maps/Templates/Thumbnails/Default.uasset" 232
"../../../Engine/Content/Maps/Templates/Thumbnails/Default.uexp" 233
"../../../Engine/Content/Maps/Templates/Thumbnails/VR-Basic.uasset" 234
"../../../Engine/Content/Maps/Templates/Thumbnails/VR-Basic.uexp" 235
"../../../Engine/Content/Maps/Templates/Thumbnails/TimeOfDay.uasset" 236
"../../../Engine/Content/Maps/Templates/Thumbnails/TimeOfDay.uexp" 237
"../../../Engine/Plugins/2D/Paper2D/Content/PlaceholderTextures/DummySpriteTexture.uasset" 238
"../../../Engine/Plugins/2D/Paper2D/Content/PlaceholderTextures/DummySpriteTexture.uexp" 239
"../../../Engine/Plugins/2D/Paper2D/Content/PlaceholderTextures/DummySpriteTexture.ubulk" 240
"../../../Engine/Plugins/2D/Paper2D/Content/DefaultSpriteMaterial.uasset" 241
"../../../Engine/Plugins/2D/Paper2D/Content/DefaultSpriteMaterial.uexp" 242
"../../../Engine/Plugins/2D/Paper2D/Content/OpaqueUnlitSpriteMaterial.uasset" 243
"../../../Engine/Plugins/2D/Paper2D/Content/OpaqueUnlitSpriteMaterial.uexp" 244
"../../../Engine/Plugins/2D/Paper2D/Content/MaskedUnlitSpriteMaterial.uasset" 245
"../../../Engine/Plugins/2D/Paper2D/Content/MaskedUnlitSpriteMaterial.uexp" 246
"../../../Engine/Plugins/2D/Paper2D/Content/DummySprite.uasset" 247
"../../../Engine/Plugins/2D/Paper2D/Content/DummySprite.uexp" 248
"../../../Engine/Plugins/2D/Paper2D/Content/DefaultPaperTerrainMaterial.uasset" 249
"../../../Engine/Plugins/2D/Paper2D/Content/DefaultPaperTerrainMaterial.uexp" 250
"../../../Engine/Content/ArtTools/RenderToTexture/Materials/Debug/M_Emissive_Color.uasset" 251
"../../../Engine/Content/ArtTools/RenderToTexture/Materials/Debug/M_Emissive_Color.uexp" 252
"../../../Engine/Content/BasicShapes/Cylinder.uasset" 253
"../../../Engine/Content/BasicShapes/Cylinder.uexp" 254
"../../../Engine/Content/Functions/Engine_MaterialFunctions02/Utility/BreakOutFloat3Components.uasset" 255
"../../../Engine/Content/Functions/Engine_MaterialFunctions02/Utility/BreakOutFloat3Components.uexp" 256
"../../../Engine/Content/Functions/Engine_MaterialFunctions02/Utility/VectorLength.uasset" 257
"../../../Engine/Content/Functions/Engine_MaterialFunctions02/Utility/VectorLength.uexp" 258
"../../../Engine/Content/Functions/Engine_MaterialFunctions02/WorldPositionOffset/ObjectScale.uasset" 259
"../../../Engine/Content/Functions/Engine_MaterialFunctions02/WorldPositionOffset/ObjectScale.uexp" 260
"../../../Engine/Content/Functions/Engine_MaterialFunctions02/SafeNormalize.uasset" 261
"../../../Engine/Content/Functions/Engine_MaterialFunctions02/SafeNormalize.uexp" 262
"../../../Engine/Content/Functions/Engine_MaterialFunctions02/ObjectLocalBounds.uasset" 263
"../../../Engine/Content/Functions/Engine_MaterialFunctions02/ObjectLocalBounds.uexp" 264
"../../../Engine/Content/Functions/Engine_MaterialFunctions02/UVs/BoundingBoxBased_0-1_UVW.uasset" 265
"../../../Engine/Content/Functions/Engine_MaterialFunctions02/UVs/BoundingBoxBased_0-1_UVW.uexp" 266
"../../../Engine/Plugins/Editor/SpeedTreeImporter/Content/SpeedTree9/SpeedTreeBillboard.uasset" 267
"../../../Engine/Plugins/Editor/SpeedTreeImporter/Content/SpeedTree9/SpeedTreeBillboard.uexp" 268
"../../../Engine/Plugins/Editor/SpeedTreeImporter/Content/SpeedTree9/game_wind_noise.uasset" 269
"../../../Engine/Plugins/Editor/SpeedTreeImporter/Content/SpeedTree9/game_wind_noise.uexp" 270
"../../../Engine/Plugins/Editor/SpeedTreeImporter/Content/SpeedTree9/game_wind_noise.ubulk" 271
"../../../Engine/Plugins/Editor/SpeedTreeImporter/Content/SpeedTree9/SpeedTreeWindMotion.uasset" 272
"../../../Engine/Plugins/Editor/SpeedTreeImporter/Content/SpeedTree9/SpeedTreeWindMotion.uexp" 273
"../../../Engine/Plugins/Editor/SpeedTreeImporter/Content/SpeedTree9/EmptyNormal.uasset" 274
"../../../Engine/Plugins/Editor/SpeedTreeImporter/Content/SpeedTree9/EmptyNormal.uexp" 275
"../../../Engine/Plugins/Editor/SpeedTreeImporter/Content/SpeedTree9/UnpackInteger3.uasset" 276
"../../../Engine/Plugins/Editor/SpeedTreeImporter/Content/SpeedTree9/UnpackInteger3.uexp" 277
"../../../Engine/Plugins/Editor/SpeedTreeImporter/Content/SpeedTree9/UnpackDirection.uasset" 278
"../../../Engine/Plugins/Editor/SpeedTreeImporter/Content/SpeedTree9/UnpackDirection.uexp" 279
"../../../Engine/Plugins/Editor/SpeedTreeImporter/Content/SpeedTree9/Empty.uasset" 280
"../../../Engine/Plugins/Editor/SpeedTreeImporter/Content/SpeedTree9/Empty.uexp" 281
"../../../Engine/Plugins/Editor/SpeedTreeImporter/Content/SpeedTree9/SpeedTreeBranchMotion.uasset" 282
"../../../Engine/Plugins/Editor/SpeedTreeImporter/Content/SpeedTree9/SpeedTreeBranchMotion.uexp" 283
"../../../Engine/Plugins/Editor/SpeedTreeImporter/Content/SpeedTree9/SpeedTreeWind.uasset" 284
"../../../Engine/Plugins/Editor/SpeedTreeImporter/Content/SpeedTree9/SpeedTreeWind.uexp" 285
"../../../Engine/Plugins/Editor/SpeedTreeImporter/Content/SpeedTree9/SpeedTreeBillboardMaster.uasset" 286
"../../../Engine/Plugins/Editor/SpeedTreeImporter/Content/SpeedTree9/SpeedTreeBillboardMaster.uexp" 287
"../../../Engine/Plugins/Editor/SpeedTreeImporter/Content/SpeedTree9/SpeedTreeCameraFacing.uasset" 288
"../../../Engine/Plugins/Editor/SpeedTreeImporter/Content/SpeedTree9/SpeedTreeCameraFacing.uexp" 289
"../../../Engine/Plugins/Editor/SpeedTreeImporter/Content/SpeedTree9/SpeedTreeMaster.uasset" 290
"../../../Engine/Plugins/Editor/SpeedTreeImporter/Content/SpeedTree9/SpeedTreeMaster.uexp" 291
"../../../Engine/Content/EngineSky/T_Sky_Stars.uasset" 292
"../../../Engine/Content/EngineSky/T_Sky_Stars.uexp" 293
"../../../Engine/Content/EngineSky/T_Sky_Stars.ubulk" 294
"../../../Engine/Content/EngineSky/T_Sky_Clouds_M.uasset" 295
"../../../Engine/Content/EngineSky/T_Sky_Clouds_M.uexp" 296
"../../../Engine/Content/EngineSky/T_Sky_Clouds_M.ubulk" 297
"../../../Engine/Content/EngineSky/T_Sky_Blue.uasset" 298
"../../../Engine/Content/EngineSky/T_Sky_Blue.uexp" 299
"../../../Engine/Content/EngineSky/T_Sky_Blue.ubulk" 300
"../../../Engine/Content/EngineSky/M_Sky_Panning_Clouds2.uasset" 301
"../../../Engine/Content/EngineSky/M_Sky_Panning_Clouds2.uexp" 302
"/home/ana/Documentos/Ana/Universidad/Cuarto/RV/Proyecto/RV/Content/Maps/Prueba1_BuiltData.uasset" 303
"/home/ana/Documentos/Ana/Universidad/Cuarto/RV/Proyecto/RV/Content/Maps/Prueba1_BuiltData.uexp" 304
"/home/ana/Documentos/Ana/Universidad/Cuarto/RV/Proyecto/RV/Content/Maps/Prueba1_BuiltData.ubulk" 305
"../../../Engine/Content/MapTemplates/SM_Template_Map_Floor.uasset" 306
"../../../Engine/Content/MapTemplates/SM_Template_Map_Floor.uexp" 307
"../../../Engine/Content/EngineSky/C_Sky_Horizon_Color.uasset" 308
"../../../Engine/Content/EngineSky/C_Sky_Horizon_Color.uexp" 309
"../../../Engine/Content/EngineSky/C_Sky_Zenith_Color.uasset" 310
"../../../Engine/Content/EngineSky/C_Sky_Zenith_Color.uexp" 311
"../../../Engine/Content/EngineSky/SM_SkySphere.uasset" 312
"../../../Engine/Content/EngineSky/SM_SkySphere.uexp" 313
"../../../Engine/Content/EngineSky/C_Sky_Cloud_Color.uasset" 314
"../../../Engine/Content/EngineSky/C_Sky_Cloud_Color.uexp" 315
"../../../Engine/Content/EngineSky/BP_Sky_Sphere.uasset" 316
"../../../Engine/Content/EngineSky/BP_Sky_Sphere.uexp" 317
"/home/ana/Documentos/Ana/Universidad/Cuarto/RV/Proyecto/RV/Content/Maps/Prueba1.uexp" 318
"/home/ana/Documentos/Ana/Universidad/Cuarto/RV/Proyecto/RV/Content/Maps/Prueba1.umap" 319
"/home/ana/Documentos/Ana/Universidad/Cuarto/RV/Proyecto/RV/Content/Maps/Untitled.uexp" 320
"/home/ana/Documentos/Ana/Universidad/Cuarto/RV/Proyecto/RV/Content/Maps/Untitled.umap" 321
"/home/ana/Documentos/Ana/Universidad/Cuarto/RV/Proyecto/RV/Content/Maps/Prueba2_BuiltData.uasset" 322
"/home/ana/Documentos/Ana/Universidad/Cuarto/RV/Proyecto/RV/Content/Maps/Prueba2_BuiltData.uexp" 323
"/home/ana/Documentos/Ana/Universidad/Cuarto/RV/Proyecto/RV/Content/Maps/Prueba2_BuiltData.ubulk" 324
"/home/ana/Documentos/Ana/Universidad/Cuarto/RV/Proyecto/RV/Content/Maps/Prueba2.uexp" 325
"/home/ana/Documentos/Ana/Universidad/Cuarto/RV/Proyecto/RV/Content/Maps/Prueba2.umap" 326
"/home/ana/Documentos/Ana/Universidad/Cuarto/RV/Proyecto/RV/Content/BP_Pawn.uasset" 327
"/home/ana/Documentos/Ana/Universidad/Cuarto/RV/Proyecto/RV/Content/BP_Pawn.uexp" 328
"/home/ana/Documentos/Ana/Universidad/Cuarto/RV/Proyecto/RV/Content/Maps/RV_BuiltData.uasset" 329
"/home/ana/Documentos/Ana/Universidad/Cuarto/RV/Proyecto/RV/Content/Maps/RV_BuiltData.uexp" 330
"/home/ana/Documentos/Ana/Universidad/Cuarto/RV/Proyecto/RV/Content/Maps/RV_BuiltData.ubulk" 331
"/home/ana/Documentos/Ana/Universidad/Cuarto/RV/Proyecto/RV/Content/Maps/RV.uexp" 332
"/home/ana/Documentos/Ana/Universidad/Cuarto/RV/Proyecto/RV/Content/Maps/RV.umap" 333
"/home/ana/Documentos/Ana/Universidad/Cuarto/RV/Proyecto/RV/Content/AndroidPrueba_BuiltData.uasset" 334
"/home/ana/Documentos/Ana/Universidad/Cuarto/RV/Proyecto/RV/Content/AndroidPrueba_BuiltData.uexp" 335
"/home/ana/Documentos/Ana/Universidad/Cuarto/RV/Proyecto/RV/Content/AndroidPrueba_BuiltData.ubulk" 336
"/home/ana/Documentos/Ana/Universidad/Cuarto/RV/Proyecto/RV/Content/AndroidPrueba.uexp" 337
"/home/ana/Documentos/Ana/Universidad/Cuarto/RV/Proyecto/RV/Content/AndroidPrueba.umap" 338
"../../../Engine/Content/Maps/Entry_BuiltData.uasset" 339
"../../../Engine/Content/Maps/Entry_BuiltData.uexp" 340
"../../../Engine/Content/Maps/Entry.uexp" 341
"../../../Engine/Content/Maps/Entry.umap" 342
